<?xml version="1.0" encoding="UTF-8"?>
<!-- Generated by org.testng.reporters.JUnitXMLReporter -->
<testsuite hostname="IMCBCP42-MSL2" ignored="0" name="Command line test" tests="10" failures="0" timestamp="2020-10-01T17:56:35 IST" time="202.987" errors="0">
  <testcase name="Details" time="15.126" classname="com.crm.qa.testcases.ContactsPageTest"/>
  <testcase name="Details" time="14.844" classname="com.crm.qa.testcases.ContactsPageTest"/>
  <testcase name="Details" time="14.857" classname="com.crm.qa.testcases.ContactsPageTest"/>
  <testcase name="DealsTest" time="1.154" classname="com.crm.qa.testcases.HomePageTest"/>
  <testcase name="HomePageTiTleTest" time="0.01" classname="com.crm.qa.testcases.HomePageTest"/>
  <testcase name="LabelTest" time="1.22" classname="com.crm.qa.testcases.HomePageTest"/>
  <testcase name="ContactsTest" time="1.911" classname="com.crm.qa.testcases.HomePageTest"/>
  <testcase name="LoginPageTitleTest" time="0.008" classname="com.crm.qa.testcases.LoginPageTest"/>
  <testcase name="TextTest" time="0.028" classname="com.crm.qa.testcases.LoginPageTest"/>
  <testcase name="LoginTest" time="0.292" classname="com.crm.qa.testcases.LoginPageTest"/>
</testsuite> <!-- Command line test -->
