<?xml version="1.0" encoding="UTF-8"?>
<!-- Generated by org.testng.reporters.JUnitXMLReporter -->
<testsuite hostname="IMCBCP42-MSL2" name="Free CRM Application Automaion Test" tests="10" failures="0" timestamp="1 Oct 2020 07:46:37 GMT" time="247.05" errors="0">
  <testcase name="DealsTest" time="1.385" classname="com.crm.qa.testcases.HomePageTest"/>
  <testcase name="LoginPageTitleTest" time="0.009" classname="com.crm.qa.testcases.LoginPageTest"/>
  <testcase name="HomePageTiTleTest" time="0.014" classname="com.crm.qa.testcases.HomePageTest"/>
  <testcase name="TextTest" time="0.031" classname="com.crm.qa.testcases.LoginPageTest"/>
  <testcase name="LabelTest" time="2.059" classname="com.crm.qa.testcases.HomePageTest"/>
  <testcase name="LoginTest" time="0.243" classname="com.crm.qa.testcases.LoginPageTest"/>
  <testcase name="ContactsTest" time="1.352" classname="com.crm.qa.testcases.HomePageTest"/>
  <testcase name="Details" time="14.944" classname="com.crm.qa.testcases.ContactsPageTest"/>
  <testcase name="Details" time="15.631" classname="com.crm.qa.testcases.ContactsPageTest"/>
  <testcase name="Details" time="16.193" classname="com.crm.qa.testcases.ContactsPageTest"/>
</testsuite> <!-- Free CRM Application Automaion Test -->
